<?xml version="1.0" encoding="UTF-8"?>
<!-- Generated by org.testng.reporters.JUnitXMLReporter -->
<testsuite hostname="NEWNODE64" ignored="0" name="TestNGReports" tests="3" failures="0" timestamp="22 May 2018 09:34:22 GMT" time="0.025" errors="0">
  <testcase name="sampleOne" time="0.008" classname="com.reports.test.ExtentReports"/>
  <testcase name="sampleThree" time="0.001" classname="com.reports.test.ExtentReports">
    <skipped/>
  </testcase> <!-- sampleThree -->
  <testcase name="sampleTwo" time="0.001" classname="com.reports.test.ExtentReports"/>
</testsuite> <!-- TestNGReports -->
