<?xml version="1.0" encoding="UTF-8"?>
<!-- Generated by org.testng.reporters.JUnitXMLReporter -->
<testsuite hostname="NEWNODE64" ignored="0" name="Test" tests="3" failures="0" timestamp="04 Jul 2018 08:29:27 GMT" time="0.025" errors="0">
  <testcase name="sampleOne" time="0.008" classname="extentreportsUsingUtility.ExtentReports"/>
  <testcase name="sampleThree" time="0.001" classname="extentreportsUsingUtility.ExtentReports">
    <skipped/>
  </testcase> <!-- sampleThree -->
  <testcase name="sampleTwo" time="0.001" classname="extentreportsUsingUtility.ExtentReports"/>
</testsuite> <!-- Test -->
